<?xml version="1.0" encoding="UTF-8"?>
<!-- Generated by org.testng.reporters.JUnitXMLReporter -->
<testsuite hostname="DESKTOP-UFKOMNK" ignored="0" name="Default test" tests="2" failures="0" timestamp="13 Aug 2019 06:04:31 GMT" time="102.142" errors="0">
  <testcase name="LoginTest" time="7.266" classname="com.webautomation.testcases.TC_OrderTshirt_002"/>
  <testcase name="OrderTshirtTest" time="62.988" classname="com.webautomation.testcases.TC_OrderTshirt_002"/>
</testsuite> <!-- Default test -->
